<?xml version="1.0" encoding="UTF-8"?>
<!-- Generated by org.testng.reporters.JUnitReportReporter -->
<testsuite hostname="DESKTOP-PSK2AAM" failures="0" tests="1" name="testNGFlags.Flag2" time="0.015" errors="0" timestamp="2022-02-21T06:02:43 IST" skipped="0">
  <testcase classname="testNGFlags.Flag2" name="f" time="0.015"/>
  <system-out>
    <![CDATA[Login is successful]]>
  </system-out>
</testsuite> <!-- testNGFlags.Flag2 -->
