<?xml version="1.0" encoding="UTF-8"?>
<!-- Generated by org.testng.reporters.JUnitReportReporter -->
<testsuite hostname="DESKTOP-PSK2AAM" failures="0" tests="6" name="testNGFlags.Flag1" time="0.044" errors="0" timestamp="2022-02-21T06:01:47 IST" skipped="0">
  <testcase classname="testNGFlags.Flag1" name="c" time="0.007"/>
  <system-out>
    <![CDATA[c method]]>
  </system-out>
  <testcase classname="testNGFlags.Flag1" name="h" time="0.003"/>
  <system-out>
    <![CDATA[h method]]>
  </system-out>
  <testcase classname="testNGFlags.Flag1" name="b" time="0.024"/>
  <system-out>
    <![CDATA[b method]]>
  </system-out>
  <testcase classname="testNGFlags.Flag1" name="x" time="0.003"/>
  <system-out>
    <![CDATA[x method]]>
  </system-out>
  <testcase classname="testNGFlags.Flag1" name="w" time="0.003"/>
  <system-out>
    <![CDATA[w method]]>
  </system-out>
  <testcase classname="testNGFlags.Flag1" name="g" time="0.004"/>
  <system-out>
    <![CDATA[g method]]>
  </system-out>
</testsuite> <!-- testNGFlags.Flag1 -->
