<?xml version="1.0" encoding="UTF-8"?>
<!-- Generated by org.testng.reporters.JUnitReportReporter -->
<testsuite hostname="DESKTOP-PSK2AAM" failures="0" tests="1" name="testNG.Sumo" time="0.020" errors="0" timestamp="2022-02-21T05:42:07 IST" skipped="0">
  <testcase classname="testNG.Sumo" name="c" time="0.020"/>
  <system-out>
    <![CDATA[Sumo Class]]>
  </system-out>
</testsuite> <!-- testNG.Sumo -->
