<?xml version="1.0" encoding="UTF-8"?>
<!-- Generated by org.testng.reporters.JUnitReportReporter -->
<testsuite hostname="DESKTOP-PSK2AAM" failures="0" tests="9" name="testNG.NewId" time="0.055" errors="0" timestamp="2022-02-21T05:33:30 IST" skipped="0">
  <testcase classname="testNG.NewId" name="h" time="0.020"/>
  <system-out>
    <![CDATA[h method]]>
  </system-out>
  <testcase classname="testNG.NewId" name="b" time="0.005"/>
  <system-out>
    <![CDATA[b method]]>
  </system-out>
  <testcase classname="testNG.NewId" name="c" time="0.003"/>
  <system-out>
    <![CDATA[c method]]>
  </system-out>
  <testcase classname="testNG.NewId" name="x" time="0.002"/>
  <system-out>
    <![CDATA[x method]]>
  </system-out>
  <testcase classname="testNG.NewId" name="j" time="0.003"/>
  <system-out>
    <![CDATA[j method]]>
  </system-out>
  <testcase classname="testNG.NewId" name="w" time="0.011"/>
  <system-out>
    <![CDATA[w method]]>
  </system-out>
  <testcase classname="testNG.NewId" name="q" time="0.003"/>
  <system-out>
    <![CDATA[q method]]>
  </system-out>
  <testcase classname="testNG.NewId" name="p" time="0.002"/>
  <system-out>
    <![CDATA[p method]]>
  </system-out>
  <testcase classname="testNG.NewId" name="g" time="0.006"/>
  <system-out>
    <![CDATA[g method]]>
  </system-out>
</testsuite> <!-- testNG.NewId -->
