<?xml version="1.0" encoding="UTF-8"?>
<!-- Generated by org.testng.reporters.JUnitReportReporter -->
<testsuite hostname="DESKTOP-PSK2AAM" failures="0" tests="100" name="testNGFlags.Flag3" time="0.332" errors="0" timestamp="2022-02-21T06:03:18 IST" skipped="0">
  <testcase classname="testNGFlags.Flag3" name="a" time="0.002"/>
  <system-out>
    <![CDATA[generates the inconsistent bug]]>
  </system-out>
  <testcase classname="testNGFlags.Flag3" name="a" time="0.003"/>
  <system-out>
    <![CDATA[generates the inconsistent bug]]>
  </system-out>
  <testcase classname="testNGFlags.Flag3" name="a" time="0.001"/>
  <system-out>
    <![CDATA[generates the inconsistent bug]]>
  </system-out>
  <testcase classname="testNGFlags.Flag3" name="a" time="0.001"/>
  <system-out>
    <![CDATA[generates the inconsistent bug]]>
  </system-out>
  <testcase classname="testNGFlags.Flag3" name="a" time="0.010"/>
  <system-out>
    <![CDATA[generates the inconsistent bug]]>
  </system-out>
  <testcase classname="testNGFlags.Flag3" name="a" time="0.003"/>
  <system-out>
    <![CDATA[generates the inconsistent bug]]>
  </system-out>
  <testcase classname="testNGFlags.Flag3" name="a" time="0.004"/>
  <system-out>
    <![CDATA[generates the inconsistent bug]]>
  </system-out>
  <testcase classname="testNGFlags.Flag3" name="a" time="0.002"/>
  <system-out>
    <![CDATA[generates the inconsistent bug]]>
  </system-out>
  <testcase classname="testNGFlags.Flag3" name="a" time="0.002"/>
  <system-out>
    <![CDATA[generates the inconsistent bug]]>
  </system-out>
  <testcase classname="testNGFlags.Flag3" name="a" time="0.004"/>
  <system-out>
    <![CDATA[generates the inconsistent bug]]>
  </system-out>
  <testcase classname="testNGFlags.Flag3" name="a" time="0.002"/>
  <system-out>
    <![CDATA[generates the inconsistent bug]]>
  </system-out>
  <testcase classname="testNGFlags.Flag3" name="a" time="0.001"/>
  <system-out>
    <![CDATA[generates the inconsistent bug]]>
  </system-out>
  <testcase classname="testNGFlags.Flag3" name="a" time="0.001"/>
  <system-out>
    <![CDATA[generates the inconsistent bug]]>
  </system-out>
  <testcase classname="testNGFlags.Flag3" name="a" time="0.002"/>
  <system-out>
    <![CDATA[generates the inconsistent bug]]>
  </system-out>
  <testcase classname="testNGFlags.Flag3" name="a" time="0.002"/>
  <system-out>
    <![CDATA[generates the inconsistent bug]]>
  </system-out>
  <testcase classname="testNGFlags.Flag3" name="a" time="0.002"/>
  <system-out>
    <![CDATA[generates the inconsistent bug]]>
  </system-out>
  <testcase classname="testNGFlags.Flag3" name="a" time="0.004"/>
  <system-out>
    <![CDATA[generates the inconsistent bug]]>
  </system-out>
  <testcase classname="testNGFlags.Flag3" name="a" time="0.001"/>
  <system-out>
    <![CDATA[generates the inconsistent bug]]>
  </system-out>
  <testcase classname="testNGFlags.Flag3" name="a" time="0.002"/>
  <system-out>
    <![CDATA[generates the inconsistent bug]]>
  </system-out>
  <testcase classname="testNGFlags.Flag3" name="a" time="0.001"/>
  <system-out>
    <![CDATA[generates the inconsistent bug]]>
  </system-out>
  <testcase classname="testNGFlags.Flag3" name="a" time="0.003"/>
  <system-out>
    <![CDATA[generates the inconsistent bug]]>
  </system-out>
  <testcase classname="testNGFlags.Flag3" name="a" time="0.001"/>
  <system-out>
    <![CDATA[generates the inconsistent bug]]>
  </system-out>
  <testcase classname="testNGFlags.Flag3" name="a" time="0.006"/>
  <system-out>
    <![CDATA[generates the inconsistent bug]]>
  </system-out>
  <testcase classname="testNGFlags.Flag3" name="a" time="0.001"/>
  <system-out>
    <![CDATA[generates the inconsistent bug]]>
  </system-out>
  <testcase classname="testNGFlags.Flag3" name="a" time="0.004"/>
  <system-out>
    <![CDATA[generates the inconsistent bug]]>
  </system-out>
  <testcase classname="testNGFlags.Flag3" name="a" time="0.002"/>
  <system-out>
    <![CDATA[generates the inconsistent bug]]>
  </system-out>
  <testcase classname="testNGFlags.Flag3" name="a" time="0.002"/>
  <system-out>
    <![CDATA[generates the inconsistent bug]]>
  </system-out>
  <testcase classname="testNGFlags.Flag3" name="a" time="0.003"/>
  <system-out>
    <![CDATA[generates the inconsistent bug]]>
  </system-out>
  <testcase classname="testNGFlags.Flag3" name="a" time="0.001"/>
  <system-out>
    <![CDATA[generates the inconsistent bug]]>
  </system-out>
  <testcase classname="testNGFlags.Flag3" name="a" time="0.001"/>
  <system-out>
    <![CDATA[generates the inconsistent bug]]>
  </system-out>
  <testcase classname="testNGFlags.Flag3" name="a" time="0.001"/>
  <system-out>
    <![CDATA[generates the inconsistent bug]]>
  </system-out>
  <testcase classname="testNGFlags.Flag3" name="a" time="0.003"/>
  <system-out>
    <![CDATA[generates the inconsistent bug]]>
  </system-out>
  <testcase classname="testNGFlags.Flag3" name="a" time="0.002"/>
  <system-out>
    <![CDATA[generates the inconsistent bug]]>
  </system-out>
  <testcase classname="testNGFlags.Flag3" name="a" time="0.004"/>
  <system-out>
    <![CDATA[generates the inconsistent bug]]>
  </system-out>
  <testcase classname="testNGFlags.Flag3" name="a" time="0.002"/>
  <system-out>
    <![CDATA[generates the inconsistent bug]]>
  </system-out>
  <testcase classname="testNGFlags.Flag3" name="a" time="0.002"/>
  <system-out>
    <![CDATA[generates the inconsistent bug]]>
  </system-out>
  <testcase classname="testNGFlags.Flag3" name="a" time="0.001"/>
  <system-out>
    <![CDATA[generates the inconsistent bug]]>
  </system-out>
  <testcase classname="testNGFlags.Flag3" name="a" time="0.003"/>
  <system-out>
    <![CDATA[generates the inconsistent bug]]>
  </system-out>
  <testcase classname="testNGFlags.Flag3" name="a" time="0.002"/>
  <system-out>
    <![CDATA[generates the inconsistent bug]]>
  </system-out>
  <testcase classname="testNGFlags.Flag3" name="a" time="0.002"/>
  <system-out>
    <![CDATA[generates the inconsistent bug]]>
  </system-out>
  <testcase classname="testNGFlags.Flag3" name="a" time="0.004"/>
  <system-out>
    <![CDATA[generates the inconsistent bug]]>
  </system-out>
  <testcase classname="testNGFlags.Flag3" name="a" time="0.002"/>
  <system-out>
    <![CDATA[generates the inconsistent bug]]>
  </system-out>
  <testcase classname="testNGFlags.Flag3" name="a" time="0.002"/>
  <system-out>
    <![CDATA[generates the inconsistent bug]]>
  </system-out>
  <testcase classname="testNGFlags.Flag3" name="a" time="0.016"/>
  <system-out>
    <![CDATA[generates the inconsistent bug]]>
  </system-out>
  <testcase classname="testNGFlags.Flag3" name="a" time="0.003"/>
  <system-out>
    <![CDATA[generates the inconsistent bug]]>
  </system-out>
  <testcase classname="testNGFlags.Flag3" name="a" time="0.001"/>
  <system-out>
    <![CDATA[generates the inconsistent bug]]>
  </system-out>
  <testcase classname="testNGFlags.Flag3" name="a" time="0.005"/>
  <system-out>
    <![CDATA[generates the inconsistent bug]]>
  </system-out>
  <testcase classname="testNGFlags.Flag3" name="a" time="0.001"/>
  <system-out>
    <![CDATA[generates the inconsistent bug]]>
  </system-out>
  <testcase classname="testNGFlags.Flag3" name="a" time="0.002"/>
  <system-out>
    <![CDATA[generates the inconsistent bug]]>
  </system-out>
  <testcase classname="testNGFlags.Flag3" name="a" time="0.002"/>
  <system-out>
    <![CDATA[generates the inconsistent bug]]>
  </system-out>
  <testcase classname="testNGFlags.Flag3" name="a" time="0.010"/>
  <system-out>
    <![CDATA[generates the inconsistent bug]]>
  </system-out>
  <testcase classname="testNGFlags.Flag3" name="a" time="0.001"/>
  <system-out>
    <![CDATA[generates the inconsistent bug]]>
  </system-out>
  <testcase classname="testNGFlags.Flag3" name="a" time="0.001"/>
  <system-out>
    <![CDATA[generates the inconsistent bug]]>
  </system-out>
  <testcase classname="testNGFlags.Flag3" name="a" time="0.013"/>
  <system-out>
    <![CDATA[generates the inconsistent bug]]>
  </system-out>
  <testcase classname="testNGFlags.Flag3" name="a" time="0.003"/>
  <system-out>
    <![CDATA[generates the inconsistent bug]]>
  </system-out>
  <testcase classname="testNGFlags.Flag3" name="a" time="0.002"/>
  <system-out>
    <![CDATA[generates the inconsistent bug]]>
  </system-out>
  <testcase classname="testNGFlags.Flag3" name="a" time="0.003"/>
  <system-out>
    <![CDATA[generates the inconsistent bug]]>
  </system-out>
  <testcase classname="testNGFlags.Flag3" name="a" time="0.011"/>
  <system-out>
    <![CDATA[generates the inconsistent bug]]>
  </system-out>
  <testcase classname="testNGFlags.Flag3" name="a" time="0.008"/>
  <system-out>
    <![CDATA[generates the inconsistent bug]]>
  </system-out>
  <testcase classname="testNGFlags.Flag3" name="a" time="0.004"/>
  <system-out>
    <![CDATA[generates the inconsistent bug]]>
  </system-out>
  <testcase classname="testNGFlags.Flag3" name="a" time="0.004"/>
  <system-out>
    <![CDATA[generates the inconsistent bug]]>
  </system-out>
  <testcase classname="testNGFlags.Flag3" name="a" time="0.002"/>
  <system-out>
    <![CDATA[generates the inconsistent bug]]>
  </system-out>
  <testcase classname="testNGFlags.Flag3" name="a" time="0.002"/>
  <system-out>
    <![CDATA[generates the inconsistent bug]]>
  </system-out>
  <testcase classname="testNGFlags.Flag3" name="a" time="0.002"/>
  <system-out>
    <![CDATA[generates the inconsistent bug]]>
  </system-out>
  <testcase classname="testNGFlags.Flag3" name="a" time="0.001"/>
  <system-out>
    <![CDATA[generates the inconsistent bug]]>
  </system-out>
  <testcase classname="testNGFlags.Flag3" name="a" time="0.002"/>
  <system-out>
    <![CDATA[generates the inconsistent bug]]>
  </system-out>
  <testcase classname="testNGFlags.Flag3" name="a" time="0.001"/>
  <system-out>
    <![CDATA[generates the inconsistent bug]]>
  </system-out>
  <testcase classname="testNGFlags.Flag3" name="a" time="0.019"/>
  <system-out>
    <![CDATA[generates the inconsistent bug]]>
  </system-out>
  <testcase classname="testNGFlags.Flag3" name="a" time="0.001"/>
  <system-out>
    <![CDATA[generates the inconsistent bug]]>
  </system-out>
  <testcase classname="testNGFlags.Flag3" name="a" time="0.001"/>
  <system-out>
    <![CDATA[generates the inconsistent bug]]>
  </system-out>
  <testcase classname="testNGFlags.Flag3" name="a" time="0.001"/>
  <system-out>
    <![CDATA[generates the inconsistent bug]]>
  </system-out>
  <testcase classname="testNGFlags.Flag3" name="a" time="0.002"/>
  <system-out>
    <![CDATA[generates the inconsistent bug]]>
  </system-out>
  <testcase classname="testNGFlags.Flag3" name="a" time="0.002"/>
  <system-out>
    <![CDATA[generates the inconsistent bug]]>
  </system-out>
  <testcase classname="testNGFlags.Flag3" name="a" time="0.003"/>
  <system-out>
    <![CDATA[generates the inconsistent bug]]>
  </system-out>
  <testcase classname="testNGFlags.Flag3" name="a" time="0.004"/>
  <system-out>
    <![CDATA[generates the inconsistent bug]]>
  </system-out>
  <testcase classname="testNGFlags.Flag3" name="a" time="0.003"/>
  <system-out>
    <![CDATA[generates the inconsistent bug]]>
  </system-out>
  <testcase classname="testNGFlags.Flag3" name="a" time="0.002"/>
  <system-out>
    <![CDATA[generates the inconsistent bug]]>
  </system-out>
  <testcase classname="testNGFlags.Flag3" name="a" time="0.005"/>
  <system-out>
    <![CDATA[generates the inconsistent bug]]>
  </system-out>
  <testcase classname="testNGFlags.Flag3" name="a" time="0.005"/>
  <system-out>
    <![CDATA[generates the inconsistent bug]]>
  </system-out>
  <testcase classname="testNGFlags.Flag3" name="a" time="0.002"/>
  <system-out>
    <![CDATA[generates the inconsistent bug]]>
  </system-out>
  <testcase classname="testNGFlags.Flag3" name="a" time="0.004"/>
  <system-out>
    <![CDATA[generates the inconsistent bug]]>
  </system-out>
  <testcase classname="testNGFlags.Flag3" name="a" time="0.001"/>
  <system-out>
    <![CDATA[generates the inconsistent bug]]>
  </system-out>
  <testcase classname="testNGFlags.Flag3" name="a" time="0.010"/>
  <system-out>
    <![CDATA[generates the inconsistent bug]]>
  </system-out>
  <testcase classname="testNGFlags.Flag3" name="a" time="0.019"/>
  <system-out>
    <![CDATA[generates the inconsistent bug]]>
  </system-out>
  <testcase classname="testNGFlags.Flag3" name="a" time="0.002"/>
  <system-out>
    <![CDATA[generates the inconsistent bug]]>
  </system-out>
  <testcase classname="testNGFlags.Flag3" name="a" time="0.001"/>
  <system-out>
    <![CDATA[generates the inconsistent bug]]>
  </system-out>
  <testcase classname="testNGFlags.Flag3" name="a" time="0.005"/>
  <system-out>
    <![CDATA[generates the inconsistent bug]]>
  </system-out>
  <testcase classname="testNGFlags.Flag3" name="a" time="0.001"/>
  <system-out>
    <![CDATA[generates the inconsistent bug]]>
  </system-out>
  <testcase classname="testNGFlags.Flag3" name="a" time="0.003"/>
  <system-out>
    <![CDATA[generates the inconsistent bug]]>
  </system-out>
  <testcase classname="testNGFlags.Flag3" name="a" time="0.001"/>
  <system-out>
    <![CDATA[generates the inconsistent bug]]>
  </system-out>
  <testcase classname="testNGFlags.Flag3" name="a" time="0.002"/>
  <system-out>
    <![CDATA[generates the inconsistent bug]]>
  </system-out>
  <testcase classname="testNGFlags.Flag3" name="a" time="0.002"/>
  <system-out>
    <![CDATA[generates the inconsistent bug]]>
  </system-out>
  <testcase classname="testNGFlags.Flag3" name="a" time="0.001"/>
  <system-out>
    <![CDATA[generates the inconsistent bug]]>
  </system-out>
  <testcase classname="testNGFlags.Flag3" name="a" time="0.001"/>
  <system-out>
    <![CDATA[generates the inconsistent bug]]>
  </system-out>
  <testcase classname="testNGFlags.Flag3" name="a" time="0.003"/>
  <system-out>
    <![CDATA[generates the inconsistent bug]]>
  </system-out>
  <testcase classname="testNGFlags.Flag3" name="a" time="0.002"/>
  <system-out>
    <![CDATA[generates the inconsistent bug]]>
  </system-out>
  <testcase classname="testNGFlags.Flag3" name="a" time="0.002"/>
  <system-out>
    <![CDATA[generates the inconsistent bug]]>
  </system-out>
  <testcase classname="testNGFlags.Flag3" name="a" time="0.015"/>
  <system-out>
    <![CDATA[generates the inconsistent bug]]>
  </system-out>
  <testcase classname="testNGFlags.Flag3" name="a" time="0.001"/>
  <system-out>
    <![CDATA[generates the inconsistent bug]]>
  </system-out>
  <testcase classname="testNGFlags.Flag3" name="a" time="0.002"/>
  <system-out>
    <![CDATA[generates the inconsistent bug]]>
  </system-out>
</testsuite> <!-- testNGFlags.Flag3 -->
