<?xml version="1.0" encoding="UTF-8"?>
<!-- Generated by org.testng.reporters.JUnitReportReporter -->
<testsuite hostname="DESKTOP-PSK2AAM" failures="0" tests="3" name="testNG.LoginLogout" time="0.026" errors="0" timestamp="2022-02-21T05:28:03 IST" skipped="0">
  <testcase classname="testNG.LoginLogout" name="login" time="0.020"/>
  <system-out>
    <![CDATA[login]]>
  </system-out>
  <testcase classname="testNG.LoginLogout" name="createUser" time="0.003"/>
  <system-out>
    <![CDATA[Create users]]>
  </system-out>
  <testcase classname="testNG.LoginLogout" name="logout" time="0.003"/>
  <system-out>
    <![CDATA[logout]]>
  </system-out>
</testsuite> <!-- testNG.LoginLogout -->
