<?xml version="1.0" encoding="UTF-8"?>
<!-- Generated by org.testng.reporters.JUnitReportReporter -->
<testsuite hostname="DESKTOP-PSK2AAM" failures="0" tests="2" name="testNGFlags.ReadDataFromXml" time="79.466" errors="0" timestamp="2022-02-21T09:16:42 IST" skipped="0">
  <testcase classname="testNGFlags.ReadDataFromXml" name="openBrowser" time="0.002"/>
  <system-out/>
  <testcase classname="testNGFlags.ReadDataFromXml" name="openBrowser" time="79.464"/>
  <system-out/>
</testsuite> <!-- testNGFlags.ReadDataFromXml -->
