<?xml version="1.0" encoding="UTF-8"?>
<!-- Generated by org.testng.reporters.JUnitReportReporter -->
<testsuite hostname="DESKTOP-PSK2AAM" failures="0" tests="3" name="testNG.LoginLogoutWithMin" time="0.031" errors="0" timestamp="2022-02-21T05:30:40 IST" skipped="0">
  <testcase classname="testNG.LoginLogoutWithMin" name="login" time="0.021"/>
  <system-out>
    <![CDATA[login]]>
  </system-out>
  <testcase classname="testNG.LoginLogoutWithMin" name="createUser" time="0.003"/>
  <system-out>
    <![CDATA[Create users]]>
  </system-out>
  <testcase classname="testNG.LoginLogoutWithMin" name="logout" time="0.007"/>
  <system-out>
    <![CDATA[logout]]>
  </system-out>
</testsuite> <!-- testNG.LoginLogoutWithMin -->
