<?xml version="1.0" encoding="UTF-8"?>
<!-- Generated by org.testng.reporters.JUnitReportReporter -->
<testsuite hostname="DESKTOP-PSK2AAM" failures="0" tests="1" name="testNG.ActiTimeLogin" time="39.940" errors="0" timestamp="2022-02-23T08:17:29 IST" skipped="0">
  <testcase classname="testNG.ActiTimeLogin" name="openActitime" time="39.940"/>
  <system-out/>
</testsuite> <!-- testNG.ActiTimeLogin -->
