<?xml version="1.0" encoding="UTF-8"?>
<!-- Generated by org.testng.reporters.JUnitReportReporter -->
<testsuite hostname="DESKTOP-PSK2AAM" failures="0" tests="1" name="testNG.Demo" time="0.017" errors="0" timestamp="2022-02-16T09:50:40 IST" skipped="0">
  <testcase classname="testNG.Demo" name="f" time="0.017"/>
  <system-out>
    <![CDATA[Hi]]>
  </system-out>
</testsuite> <!-- testNG.Demo -->
