<?xml version="1.0" encoding="UTF-8"?>
<!-- Generated by org.testng.reporters.JUnitReportReporter -->
<testsuite hostname="DESKTOP-PSK2AAM" failures="0" tests="18" name="testNGFlags.Flag7" time="0.073" errors="0" timestamp="2022-02-21T06:07:22 IST" skipped="0">
  <testcase classname="testNGFlags.Flag7" name="it5" time="0.005"/>
  <system-out>
    <![CDATA[integration test case 5]]>
  </system-out>
  <testcase classname="testNGFlags.Flag7" name="ft2" time="0.002"/>
  <system-out>
    <![CDATA[functional test case 2]]>
  </system-out>
  <testcase classname="testNGFlags.Flag7" name="st3" time="0.002"/>
  <system-out>
    <![CDATA[smoke test case 3]]>
  </system-out>
  <testcase classname="testNGFlags.Flag7" name="st1" time="0.003"/>
  <system-out>
    <![CDATA[smoke test case 1 ]]>
  </system-out>
  <testcase classname="testNGFlags.Flag7" name="st4" time="0.001"/>
  <system-out>
    <![CDATA[smoke test case 4]]>
  </system-out>
  <testcase classname="testNGFlags.Flag7" name="st2" time="0.003"/>
  <system-out>
    <![CDATA[smoke test case 2]]>
  </system-out>
  <testcase classname="testNGFlags.Flag7" name="st5" time="0.004"/>
  <system-out>
    <![CDATA[smoke test case 5]]>
  </system-out>
  <testcase classname="testNGFlags.Flag7" name="it1" time="0.003"/>
  <system-out>
    <![CDATA[integration test case 1 ]]>
  </system-out>
  <testcase classname="testNGFlags.Flag7" name="ft4" time="0.004"/>
  <system-out>
    <![CDATA[functional test case 4]]>
  </system-out>
  <testcase classname="testNGFlags.Flag7" name="st6" time="0.003"/>
  <system-out>
    <![CDATA[smoke test case 6]]>
  </system-out>
  <testcase classname="testNGFlags.Flag7" name="it6" time="0.002"/>
  <system-out>
    <![CDATA[integration test case 6]]>
  </system-out>
  <testcase classname="testNGFlags.Flag7" name="it3" time="0.005"/>
  <system-out>
    <![CDATA[integration test case 3]]>
  </system-out>
  <testcase classname="testNGFlags.Flag7" name="ft1" time="0.019"/>
  <system-out>
    <![CDATA[functional test case 1 ]]>
  </system-out>
  <testcase classname="testNGFlags.Flag7" name="ft6" time="0.003"/>
  <system-out>
    <![CDATA[functional test case 6]]>
  </system-out>
  <testcase classname="testNGFlags.Flag7" name="ft5" time="0.003"/>
  <system-out>
    <![CDATA[functional test case 5]]>
  </system-out>
  <testcase classname="testNGFlags.Flag7" name="it2" time="0.004"/>
  <system-out>
    <![CDATA[integration test case 2]]>
  </system-out>
  <testcase classname="testNGFlags.Flag7" name="ft3" time="0.003"/>
  <system-out>
    <![CDATA[functional test case 3]]>
  </system-out>
  <testcase classname="testNGFlags.Flag7" name="it4" time="0.004"/>
  <system-out>
    <![CDATA[integration test case 4]]>
  </system-out>
</testsuite> <!-- testNGFlags.Flag7 -->
