<?xml version="1.0" encoding="UTF-8"?>
<!-- Generated by org.testng.reporters.JUnitReportReporter -->
<testsuite hostname="DESKTOP-PSK2AAM" failures="0" tests="1" name="testAnnotations.TestNG12" time="0.009" errors="0" timestamp="2022-02-23T09:53:56 IST" skipped="0">
  <testcase classname="testAnnotations.TestNG12" name="testScript1" time="0.009"/>
  <system-out>
    <![CDATA[test Script1]]>
  </system-out>
</testsuite> <!-- testAnnotations.TestNG12 -->
