<?xml version="1.0" encoding="UTF-8"?>
<!-- Generated by org.testng.reporters.JUnitReportReporter -->
<testsuite hostname="DESKTOP-PSK2AAM" failures="0" tests="1" name="testNG.Remo" time="0.021" errors="0" timestamp="2022-02-21T05:38:26 IST" skipped="0">
  <testcase classname="testNG.Remo" name="b" time="0.021"/>
  <system-out>
    <![CDATA[Remo Class]]>
  </system-out>
</testsuite> <!-- testNG.Remo -->
