<?xml version="1.0" encoding="UTF-8"?>
<!-- Generated by org.testng.reporters.JUnitReportReporter -->
<testsuite hostname="DESKTOP-PSK2AAM" failures="0" tests="2" name="testNGFlags.Flag6" time="0.040" errors="0" timestamp="2022-02-21T06:06:01 IST" skipped="0">
  <testcase classname="testNGFlags.Flag6" name="f" time="0.033"/>
  <system-out>
    <![CDATA[Test case got executed]]>
  </system-out>
  <testcase classname="testNGFlags.Flag6" name="g" time="0.007"/>
  <system-out>
    <![CDATA[Test case got executed]]>
  </system-out>
</testsuite> <!-- testNGFlags.Flag6 -->
